<?xml version="1.0" encoding="UTF-8"?>
<testng-results skipped="0" failed="0" ignored="0" total="1" passed="1">
  <reporter-output>
  </reporter-output>
  <suite name="CraftsVilla" duration-ms="12927" started-at="2019-10-18T18:06:58 PDT" finished-at="2019-10-18T18:07:11 PDT">
    <groups>
    </groups>
    <test name="Regression" duration-ms="12927" started-at="2019-10-18T18:06:58 PDT" finished-at="2019-10-18T18:07:11 PDT">
      <class name="com.craftsvilla.testscripts.DemoTest">
        <test-method status="PASS" signature="LaunchBrowser(java.lang.String)[pri:0, instance:com.craftsvilla.testscripts.DemoTest@43814d18]" name="LaunchBrowser" is-config="true" duration-ms="8187" started-at="2019-10-18T18:06:58 PDT" finished-at="2019-10-18T18:07:06 PDT">
          <params>
            <param index="0">
              <value>
                <![CDATA[chrome]]>
              </value>
            </param>
          </params>
          <reporter-output>
          </reporter-output>
        </test-method> <!-- LaunchBrowser -->
        <test-method status="PASS" signature="testMethod()[pri:0, instance:com.craftsvilla.testscripts.DemoTest@43814d18]" name="testMethod" duration-ms="4700" started-at="2019-10-18T18:07:06 PDT" finished-at="2019-10-18T18:07:11 PDT">
          <reporter-output>
          </reporter-output>
        </test-method> <!-- testMethod -->
        <test-method status="PASS" signature="CloseBrowsers()[pri:0, instance:com.craftsvilla.testscripts.DemoTest@43814d18]" name="CloseBrowsers" is-config="true" duration-ms="0" started-at="2019-10-18T18:07:11 PDT" finished-at="2019-10-18T18:07:11 PDT">
          <reporter-output>
          </reporter-output>
        </test-method> <!-- CloseBrowsers -->
      </class> <!-- com.craftsvilla.testscripts.DemoTest -->
    </test> <!-- Regression -->
  </suite> <!-- CraftsVilla -->
</testng-results>
